<?xml version="1.0" encoding="UTF-8"?>
<!-- Generated by org.testng.reporters.JUnitReportReporter -->
<testsuite skipped="0" hostname="DESKTOP-U9MPDTF" name="testDeepFindElements.DownloadChrome" tests="1" failures="0" timestamp="2021-05-23T16:27:28 EET" time="2.331" errors="0">
  <testcase name="testDownloadFiles" time="2.331" classname="testDeepFindElements.DownloadChrome"/>
  <system-out/>
</testsuite> <!-- testDeepFindElements.DownloadChrome -->
