<?xml version="1.0" encoding="UTF-8"?>
<!-- Generated by org.testng.reporters.JUnitReportReporter -->
<testsuite skipped="0" hostname="DESKTOP-U9MPDTF" name="testDeepFindElements.DoubleClick" tests="1" failures="0" timestamp="2021-05-10T15:51:39 EET" time="2.230" errors="0">
  <testcase name="testDoubleClick" time="2.230" classname="testDeepFindElements.DoubleClick"/>
  <system-out/>
</testsuite> <!-- testDeepFindElements.DoubleClick -->
