<?xml version="1.0" encoding="UTF-8"?>
<!-- Generated by org.testng.reporters.JUnitReportReporter -->
<testsuite skipped="0" hostname="DESKTOP-U9MPDTF" name="testDeepFindElements.WorkWithTables" tests="2" failures="0" timestamp="2021-05-10T13:18:52 EET" time="0.505" errors="0">
  <testcase name="getAllData" time="0.469" classname="testDeepFindElements.WorkWithTables"/>
  <system-out/>
  <testcase name="getSpecificData" time="0.036" classname="testDeepFindElements.WorkWithTables"/>
  <system-out/>
</testsuite> <!-- testDeepFindElements.WorkWithTables -->
