<?xml version="1.0" encoding="UTF-8"?>
<!-- Generated by org.testng.reporters.JUnitReportReporter -->
<testsuite skipped="0" hostname="DESKTOP-U9MPDTF" name="testDeepFindElements.DragAndDrop" tests="1" failures="0" timestamp="2021-05-10T16:08:24 EET" time="2.461" errors="0">
  <testcase name="dragAndDropTest" time="2.461" classname="testDeepFindElements.DragAndDrop"/>
  <system-out/>
</testsuite> <!-- testDeepFindElements.DragAndDrop -->
