<?xml version="1.0" encoding="UTF-8"?>
<!-- Generated by org.testng.reporters.JUnitReportReporter -->
<testsuite skipped="1" hostname="DESKTOP-U9MPDTF" name="testDeepFindElements.JavascriptCalls" tests="2" failures="0" timestamp="2021-05-23T12:59:54 EET" time="2.592" errors="0">
  <testcase name="testJSExecutorScroll" time="2.592" classname="testDeepFindElements.JavascriptCalls"/>
  <system-out/>
  <testcase name="testJSExecutor" classname="testDeepFindElements.JavascriptCalls">
    <skipped/>
  </testcase> <!-- testJSExecutor -->
  <system-out/>
</testsuite> <!-- testDeepFindElements.JavascriptCalls -->
