<?xml version="1.0" encoding="UTF-8"?>
<!-- Generated by org.testng.reporters.JUnitReportReporter -->
<testsuite skipped="1" hostname="DESKTOP-U9MPDTF" name="testDeepFindElements.Alerts" tests="2" failures="0" timestamp="2021-05-10T17:11:29 EET" time="2.209" errors="0">
  <testcase name="promptAlerts" time="2.209" classname="testDeepFindElements.Alerts"/>
  <system-out/>
  <testcase name="simpleAlerts" classname="testDeepFindElements.Alerts">
    <skipped/>
  </testcase> <!-- simpleAlerts -->
  <system-out/>
</testsuite> <!-- testDeepFindElements.Alerts -->
