<?xml version="1.0" encoding="UTF-8"?>
<!-- Generated by org.testng.reporters.JUnitReportReporter -->
<testsuite skipped="0" hostname="DESKTOP-U9MPDTF" name="testDeepFindElements.testDDTUsingFakeLibraries" tests="1" failures="0" timestamp="2021-05-29T22:10:05 EET" time="2.257" errors="0">
  <testcase name="promptAlerts" time="2.257" classname="testDeepFindElements.testDDTUsingFakeLibraries"/>
  <system-out/>
</testsuite> <!-- testDeepFindElements.testDDTUsingFakeLibraries -->
