<?xml version="1.0" encoding="UTF-8"?>
<!-- Generated by org.testng.reporters.JUnitReportReporter -->
<testsuite skipped="0" hostname="DESKTOP-U9MPDTF" name="testDeepFindElements.BrowserCommands" tests="2" failures="0" timestamp="2021-05-09T15:40:07 EET" time="2.785" errors="0">
  <testcase name="browserWindowCommands" time="0.452" classname="testDeepFindElements.BrowserCommands"/>
  <system-out/>
  <testcase name="browserNavigationCommands" time="2.333" classname="testDeepFindElements.BrowserCommands"/>
  <system-out/>
</testsuite> <!-- testDeepFindElements.BrowserCommands -->
