<?xml version="1.0" encoding="UTF-8"?>
<!-- Generated by org.testng.reporters.JUnitReportReporter -->
<testsuite skipped="0" hostname="DESKTOP-U9MPDTF" name="testDeepFindElements.testCSVFile" tests="1" failures="0" timestamp="2021-05-29T21:53:33 EET" time="4.390" errors="0">
  <testcase name="search" time="4.390" classname="testDeepFindElements.testCSVFile"/>
  <system-out/>
</testsuite> <!-- testDeepFindElements.testCSVFile -->
