<?xml version="1.0" encoding="UTF-8"?>
<!-- Generated by org.testng.reporters.JUnitReportReporter -->
<testsuite skipped="0" hostname="DESKTOP-U9MPDTF" name="com.SeleniumWebDriver.TestNG" tests="1" failures="0" timestamp="2021-05-05T11:12:53 EET" time="0.008" errors="0">
  <testcase name="getTitleOfURL" time="0.008" classname="com.SeleniumWebDriver.TestNG"/>
  <system-out/>
</testsuite> <!-- com.SeleniumWebDriver.TestNG -->
