<?xml version="1.0" encoding="UTF-8"?>
<!-- Generated by org.testng.reporters.JUnitReportReporter -->
<testsuite skipped="0" hostname="DESKTOP-U9MPDTF" name="testDeepFindElements.ImplicitWait" tests="1" failures="0" timestamp="2021-05-19T14:36:49 EET" time="0.084" errors="0">
  <testcase name="testImplicityWait" time="0.084" classname="testDeepFindElements.ImplicitWait"/>
  <system-out/>
</testsuite> <!-- testDeepFindElements.ImplicitWait -->
