<?xml version="1.0" encoding="UTF-8"?>
<!-- Generated by org.testng.reporters.JUnitReportReporter -->
<testsuite skipped="0" hostname="DESKTOP-U9MPDTF" name="testDeepFindElements.HandlingCookies" tests="1" failures="0" timestamp="2021-05-19T13:42:08 EET" time="0.551" errors="0">
  <testcase name="testCookies" time="0.551" classname="testDeepFindElements.HandlingCookies"/>
  <system-out/>
</testsuite> <!-- testDeepFindElements.HandlingCookies -->
