<?xml version="1.0" encoding="UTF-8"?>
<!-- Generated by org.testng.reporters.JUnitReportReporter -->
<testsuite skipped="1" hostname="DESKTOP-U9MPDTF" name="testDeepFindElements.WorkWithCheckboxesAndRadioButtons" tests="2" failures="0" timestamp="2021-05-10T12:42:59 EET" time="4.168" errors="0">
  <testcase name="testRadioButtons" time="4.168" classname="testDeepFindElements.WorkWithCheckboxesAndRadioButtons"/>
  <system-out/>
  <testcase name="testCheckbox" classname="testDeepFindElements.WorkWithCheckboxesAndRadioButtons">
    <skipped/>
  </testcase> <!-- testCheckbox -->
  <system-out/>
</testsuite> <!-- testDeepFindElements.WorkWithCheckboxesAndRadioButtons -->
