<?xml version="1.0" encoding="UTF-8"?>
<!-- Generated by org.testng.reporters.JUnitReportReporter -->
<testsuite skipped="0" hostname="DESKTOP-U9MPDTF" name="testDeepFindElements.ExplicitWait" tests="1" failures="0" timestamp="2021-05-19T15:21:43 EET" time="2.475" errors="0">
  <testcase name="testExplicityWait" time="2.475" classname="testDeepFindElements.ExplicitWait"/>
  <system-out/>
</testsuite> <!-- testDeepFindElements.ExplicitWait -->
