<?xml version="1.0" encoding="UTF-8"?>
<!-- Generated by org.testng.reporters.JUnitReportReporter -->
<testsuite skipped="0" hostname="DESKTOP-U9MPDTF" name="testDeepFindElements.WorkWithTextboxAndButton" tests="1" failures="0" timestamp="2021-05-09T16:24:52 EET" time="1.445" errors="0">
  <testcase name="loginPage" time="1.445" classname="testDeepFindElements.WorkWithTextboxAndButton"/>
  <system-out/>
</testsuite> <!-- testDeepFindElements.WorkWithTextboxAndButton -->
