<?xml version="1.0" encoding="UTF-8"?>
<!-- Generated by org.testng.reporters.JUnitReportReporter -->
<testsuite skipped="4" hostname="DESKTOP-U9MPDTF" name="testDeepFindElements.FindElements" tests="5" failures="0" timestamp="2021-05-08T15:23:23 EET" time="0.851" errors="0">
  <testcase name="findListOfElements" time="0.851" classname="testDeepFindElements.FindElements"/>
  <system-out/>
  <testcase name="findElementsByCssSelector" classname="testDeepFindElements.FindElements">
    <skipped/>
  </testcase> <!-- findElementsByCssSelector -->
  <system-out/>
  <testcase name="findElementsByID" classname="testDeepFindElements.FindElements">
    <skipped/>
  </testcase> <!-- findElementsByID -->
  <system-out/>
  <testcase name="findElementsByClassName" classname="testDeepFindElements.FindElements">
    <skipped/>
  </testcase> <!-- findElementsByClassName -->
  <system-out/>
  <testcase name="findElementsByTagName" classname="testDeepFindElements.FindElements">
    <skipped/>
  </testcase> <!-- findElementsByTagName -->
  <system-out/>
</testsuite> <!-- testDeepFindElements.FindElements -->
