<?xml version="1.0" encoding="UTF-8"?>
<!-- Generated by org.testng.reporters.JUnitReportReporter -->
<testsuite skipped="0" hostname="DESKTOP-U9MPDTF" name="testDeepFindElements.WorkWithDropdownList" tests="1" failures="0" timestamp="2021-05-10T14:42:49 EET" time="4.484" errors="0">
  <testcase name="testDropDownList" time="4.484" classname="testDeepFindElements.WorkWithDropdownList"/>
  <system-out/>
</testsuite> <!-- testDeepFindElements.WorkWithDropdownList -->
