<?xml version="1.0" encoding="UTF-8"?>
<!-- Generated by org.testng.reporters.JUnitReportReporter -->
<testsuite skipped="0" hostname="DESKTOP-U9MPDTF" name="testDeepFindElements.ContextMenu" tests="1" failures="0" timestamp="2021-05-24T15:56:51 EET" time="2.300" errors="0">
  <testcase name="openRegisterPage" time="2.300" classname="testDeepFindElements.ContextMenu"/>
  <system-out/>
</testsuite> <!-- testDeepFindElements.ContextMenu -->
