<?xml version="1.0" encoding="UTF-8"?>
<!-- Generated by org.testng.reporters.JUnitReportReporter -->
<testsuite skipped="0" hostname="DESKTOP-U9MPDTF" name="testDeepFindElements.testExcelFile" tests="2" failures="0" timestamp="2021-05-27T13:57:31 EET" time="4.246" errors="0">
  <testcase name="promptAlerts" time="2.095" classname="testDeepFindElements.testExcelFile"/>
  <system-out/>
  <testcase name="promptAlerts" time="2.151" classname="testDeepFindElements.testExcelFile"/>
  <system-out/>
</testsuite> <!-- testDeepFindElements.testExcelFile -->
